<?xml version="1.0" encoding="UTF-8"?>
<!-- Generated by org.testng.reporters.JUnitXMLReporter -->
<testsuite ignored="0" hostname="DESKTOP-H5CAL9A" failures="0" tests="3" name="Default test" time="339.897" errors="0" timestamp="2023-05-25T19:34:49 IST">
  <testcase classname="Naukri.com.Naukri.com.PuneProfileTestClass" name="deleteanduploadResumeonNaukriBanglore" time="88.811"/>
  <testcase classname="Naukri.com.Naukri.com.PuneProfileTestClass" name="deleteanduploadResumeonNaukriNoida" time="110.116"/>
  <testcase classname="Naukri.com.Naukri.com.PuneProfileTestClass" name="deleteanduploadResumeonNaukriPune" time="111.79"/>
</testsuite> <!-- Default test -->
