<?xml version="1.0" encoding="UTF-8"?>
<testng-results ignored="0" total="3" passed="3" failed="0" skipped="0">
  <reporter-output>
  </reporter-output>
  <suite started-at="2023-05-25T19:29:09 IST" name="Default suite" finished-at="2023-05-25T19:34:49 IST" duration-ms="339897">
    <groups>
    </groups>
    <test started-at="2023-05-25T19:29:09 IST" name="Default test" finished-at="2023-05-25T19:34:49 IST" duration-ms="339897">
      <class name="Naukri.com.Naukri.com.PuneProfileTestClass">
        <test-method is-config="true" signature="openChromebrowser()[pri:0, instance:Naukri.com.Naukri.com.PuneProfileTestClass@59309333]" started-at="2023-05-25T19:29:09 IST" name="openChromebrowser" finished-at="2023-05-25T19:29:38 IST" duration-ms="29119" status="PASS">
          <reporter-output>
          </reporter-output>
        </test-method> <!-- openChromebrowser -->
        <test-method signature="deleteanduploadResumeonNaukriBanglore()[pri:0, instance:Naukri.com.Naukri.com.PuneProfileTestClass@59309333]" started-at="2023-05-25T19:29:38 IST" name="deleteanduploadResumeonNaukriBanglore" finished-at="2023-05-25T19:31:07 IST" duration-ms="88811" status="PASS">
          <reporter-output>
          </reporter-output>
        </test-method> <!-- deleteanduploadResumeonNaukriBanglore -->
        <test-method signature="deleteanduploadResumeonNaukriNoida()[pri:0, instance:Naukri.com.Naukri.com.PuneProfileTestClass@59309333]" started-at="2023-05-25T19:31:07 IST" name="deleteanduploadResumeonNaukriNoida" finished-at="2023-05-25T19:32:57 IST" duration-ms="110116" status="PASS">
          <reporter-output>
          </reporter-output>
        </test-method> <!-- deleteanduploadResumeonNaukriNoida -->
        <test-method signature="deleteanduploadResumeonNaukriPune()[pri:0, instance:Naukri.com.Naukri.com.PuneProfileTestClass@59309333]" started-at="2023-05-25T19:32:57 IST" name="deleteanduploadResumeonNaukriPune" finished-at="2023-05-25T19:34:49 IST" duration-ms="111790" status="PASS">
          <reporter-output>
          </reporter-output>
        </test-method> <!-- deleteanduploadResumeonNaukriPune -->
      </class> <!-- Naukri.com.Naukri.com.PuneProfileTestClass -->
    </test> <!-- Default test -->
  </suite> <!-- Default suite -->
</testng-results>
