<?xml version="1.0" encoding="UTF-8"?>
<testng-results ignored="0" total="3" passed="3" failed="0" skipped="0">
  <reporter-output>
  </reporter-output>
  <suite started-at="2023-05-24T14:05:10 IST" name="Default suite" finished-at="2023-05-24T14:07:00 IST" duration-ms="109846">
    <groups>
    </groups>
    <test started-at="2023-05-24T14:05:10 IST" name="Default test" finished-at="2023-05-24T14:07:00 IST" duration-ms="109846">
      <class name="Naukri.com.Naukri.com.NoidaProfileTestClass">
        <test-method is-config="true" signature="openChromebrowser()[pri:0, instance:Naukri.com.Naukri.com.NoidaProfileTestClass@59309333]" started-at="2023-05-24T14:05:10 IST" name="openChromebrowser" finished-at="2023-05-24T14:05:20 IST" duration-ms="9771" status="PASS">
          <reporter-output>
          </reporter-output>
        </test-method> <!-- openChromebrowser -->
        <test-method signature="deleteanduploadResumeonNaukriBanglore()[pri:0, instance:Naukri.com.Naukri.com.NoidaProfileTestClass@59309333]" started-at="2023-05-24T14:05:20 IST" name="deleteanduploadResumeonNaukriBanglore" finished-at="2023-05-24T14:05:51 IST" duration-ms="30860" status="PASS">
          <reporter-output>
          </reporter-output>
        </test-method> <!-- deleteanduploadResumeonNaukriBanglore -->
        <test-method signature="deleteanduploadResumeonNaukriNoida()[pri:0, instance:Naukri.com.Naukri.com.NoidaProfileTestClass@59309333]" started-at="2023-05-24T14:05:51 IST" name="deleteanduploadResumeonNaukriNoida" finished-at="2023-05-24T14:06:26 IST" duration-ms="35645" status="PASS">
          <reporter-output>
          </reporter-output>
        </test-method> <!-- deleteanduploadResumeonNaukriNoida -->
        <test-method signature="deleteanduploadResumeonNaukriPune()[pri:0, instance:Naukri.com.Naukri.com.NoidaProfileTestClass@59309333]" started-at="2023-05-24T14:06:26 IST" name="deleteanduploadResumeonNaukriPune" finished-at="2023-05-24T14:07:00 IST" duration-ms="33519" status="PASS">
          <reporter-output>
          </reporter-output>
        </test-method> <!-- deleteanduploadResumeonNaukriPune -->
      </class> <!-- Naukri.com.Naukri.com.NoidaProfileTestClass -->
    </test> <!-- Default test -->
  </suite> <!-- Default suite -->
</testng-results>
